<?xml version="1.0" encoding="UTF-8"?>
<testsuites tests="4" failures="1" disabled="0" errors="0" time="161.231" timestamp="2022-03-11T14:06:21.715" name="AllTests">
  <testsuite name="FooTestCase" tests="2" failures="0" disabled="0" skipped="0" errors="0" time="0.074" timestamp="2022-03-11T14:06:21.891">
    <testcase name="One" status="run" result="completed" time="0" timestamp="2022-03-11T14:06:21.891" classname="FooTestCase" />
    <testcase name="Two" status="run" result="completed" time="0.074" timestamp="2022-03-11T14:06:21.891" classname="FooTestCase" />
  </testsuite>
  <testsuite name="BarTestCase" tests="2" failures="1" disabled="0" skipped="0" errors="0" time="0.051" timestamp="2022-03-11T14:06:21.965">
    <testcase name="One" status="run" result="completed" time="0" timestamp="2022-03-11T14:06:21.965" classname="BarTestCase" />
    <testcase name="Two" status="run" result="completed" time="0.051" timestamp="2022-03-11T14:06:21.965" classname="BarTestCase">
      <failure message="Bar.C:78&#x0A;Expected equality of these values:&#x0A;  10&#x0A;  (int)counter&#x0A;    Which is: 0" type=""><![CDATA[Bar.C:78
Expected equality of these values:
  10
  (int)counter
    Which is: 0]]></failure>
    </testcase>
  </testsuite>
</testsuites>